<?xml version="1.0" encoding="UTF-8"?>
<!-- Generated by org.testng.reporters.JUnitReportReporter -->
<testsuite hostname="LAPTOP-VLQU1N8M" failures="0" tests="1" name="yourLogo.TestCases.userLoginTest" time="29.405" errors="0" timestamp="2021-01-05T11:23:06 EET" skipped="0">
  <testcase classname="yourLogo.TestCases.userLoginTest" name="LoginTest" time="29.405"/>
  <system-out/>
</testsuite> <!-- yourLogo.TestCases.userLoginTest -->
