<?xml version="1.0" encoding="UTF-8"?>
<!-- Generated by org.testng.reporters.JUnitReportReporter -->
<testsuite hostname="LAPTOP-VLQU1N8M" failures="0" tests="1" name="yourLogo.TestCases.VerifySearchProductTest" time="16.256" errors="0" timestamp="2021-01-05T11:23:06 EET" skipped="0">
  <testcase classname="yourLogo.TestCases.VerifySearchProductTest" name="verifySearchProductByName" time="16.256"/>
  <system-out/>
</testsuite> <!-- yourLogo.TestCases.VerifySearchProductTest -->
