<?xml version="1.0" encoding="UTF-8"?>
<!-- Generated by org.testng.reporters.JUnitReportReporter -->
<testsuite hostname="LAPTOP-VLQU1N8M" failures="0" tests="1" name="yourLogo.TestCases.verifyTotalPriceTest" time="42.497" errors="0" timestamp="2021-01-05T11:23:06 EET" skipped="0">
  <testcase classname="yourLogo.TestCases.verifyTotalPriceTest" name="verifyTotalPrice" time="42.497"/>
  <system-out/>
</testsuite> <!-- yourLogo.TestCases.verifyTotalPriceTest -->
