<?xml version="1.0" encoding="UTF-8"?>
<!-- Generated by org.testng.reporters.JUnitReportReporter -->
<testsuite hostname="LAPTOP-VLQU1N8M" failures="0" tests="1" name="yourLogo.TestCases.BuyProductTest" time="45.741" errors="0" timestamp="2021-01-05T11:23:06 EET" skipped="0">
  <testcase classname="yourLogo.TestCases.BuyProductTest" name="verifyBuyProduct" time="45.741"/>
  <system-out/>
</testsuite> <!-- yourLogo.TestCases.BuyProductTest -->
